<?xml version="1.0" encoding="UTF-8"?>
<testsuite xmlns:xsi="http://www.w3.org/2001/XMLSchema-instance" xsi:noNamespaceSchemaLocation="https://maven.apache.org/surefire/maven-surefire-plugin/xsd/surefire-test-report.xsd" name="com.objis.demomaven.AppTest" time="0.028" tests="2" errors="0" skipped="0" failures="1">
  <properties>
[...]
</properties>
  <testcase name="shouldAnswerWithTrue" classname="com.objis.demomaven.AppTest" time="0.001"/>
  <testcase name="shouldAnswerWithFalse" classname="com.objis.demomaven.AppTest" time="0.004">
    <failure type="java.lang.AssertionError">java.lang.AssertionError
	at com.objis.demomaven.AppTest.shouldAnswerWithFalse(AppTest.java:25)
</failure>
  </testcase>
</testsuite>